<?xml version="1.0" encoding="UTF-8"?>
<!-- Generated by org.testng.reporters.JUnitXMLReporter -->
<testsuite ignored="0" hostname="ASTER" failures="0" tests="6" name="Default test" time="2.709" errors="0" timestamp="2024-05-15T07:24:22 IST">
  <testcase classname="dynamicJson" name="staticJson" time="1.37"/>
  <testcase classname="dynamicJson" name="addBooks" time="0.2"/>
  <testcase classname="dynamicJson" name="addBooks" time="0.161"/>
  <testcase classname="dynamicJson" name="addBooks" time="0.169"/>
  <testcase classname="dynamicJson" name="addBooks" time="0.164"/>
  <testcase classname="dynamicJson" name="deleteAllBook" time="0.604"/>
</testsuite> <!-- Default test -->
